<?xml version="1.0" encoding="UTF-8"?>
<testng-results skipped="0" failed="0" ignored="0" total="1" passed="1">
  <reporter-output>
    <line>
      <![CDATA[test...]]>
    </line>
  </reporter-output>
  <suite name="Default suite" duration-ms="45749" started-at="2018-09-26T10:05:27Z" finished-at="2018-09-26T10:06:13Z">
    <groups>
    </groups>
    <test name="Default test" duration-ms="45749" started-at="2018-09-26T10:05:27Z" finished-at="2018-09-26T10:06:13Z">
      <class name="script.TestDemo">
        <test-method status="PASS" signature="openapp()[pri:0, instance:script.TestDemo@1794d431]" name="openapp" is-config="true" duration-ms="43544" started-at="2018-09-26T10:05:27Z" finished-at="2018-09-26T10:06:11Z">
          <reporter-output>
          </reporter-output>
        </test-method> <!-- openapp -->
        <test-method status="PASS" signature="TestA()[pri:0, instance:script.TestDemo@1794d431]" name="TestA" duration-ms="9" started-at="2018-09-26T10:06:11Z" finished-at="2018-09-26T10:06:11Z">
          <reporter-output>
            <line>
              <![CDATA[test...]]>
            </line>
          </reporter-output>
        </test-method> <!-- TestA -->
        <test-method status="PASS" signature="closeapp()[pri:0, instance:script.TestDemo@1794d431]" name="closeapp" is-config="true" duration-ms="2174" started-at="2018-09-26T10:06:11Z" finished-at="2018-09-26T10:06:13Z">
          <reporter-output>
          </reporter-output>
        </test-method> <!-- closeapp -->
      </class> <!-- script.TestDemo -->
    </test> <!-- Default test -->
  </suite> <!-- Default suite -->
</testng-results>
